WARNING: A terminally deprecated method in sun.misc.Unsafe has been called
WARNING: sun.misc.Unsafe::staticFieldBase has been called by com.google.inject.internal.aop.HiddenClassDefiner (file:/C:/ProgramData/chocolatey/lib/maven/apache-maven-3.9.11/lib/guice-5.1.0-classes.jar)
WARNING: Please consider reporting this to the maintainers of class com.google.inject.internal.aop.HiddenClassDefiner
WARNING: sun.misc.Unsafe::staticFieldBase will be removed in a future release
[INFO] Scanning for projects...
[INFO] 
[INFO] --------------------< com.revcart:revcart-backend >---------------------
[INFO] Building RevCart Backend 1.0.0
[INFO]   from pom.xml
[INFO] --------------------------------[ jar ]---------------------------------
[INFO] 
[INFO] >>> spring-boot:3.2.0:run (default-cli) > test-compile @ revcart-backend >>>
[INFO] 
[INFO] --- resources:3.3.1:resources (default-resources) @ revcart-backend ---
[INFO] Copying 1 resource from src\main\resources to target\classes
[INFO] Copying 1 resource from src\main\resources to target\classes
[INFO] 
[INFO] --- compiler:3.11.0:compile (default-compile) @ revcart-backend ---
[INFO] Changes detected - recompiling the module! :input tree
[INFO] Compiling 47 source files with javac [debug release 17] to target\classes
[INFO] /e:/Revcart/Revcart/backend/src/main/java/com/revcart/service/OrderService.java: e:\Revcart\Revcart\backend\src\main\java\com\revcart\service\OrderService.java uses unchecked or unsafe operations.
[INFO] /e:/Revcart/Revcart/backend/src/main/java/com/revcart/service/OrderService.java: Recompile with -Xlint:unchecked for details.
[INFO] 
[INFO] --- resources:3.3.1:testResources (default-testResources) @ revcart-backend ---
[INFO] Copying 0 resource from src\test\resources to target\test-classes
[INFO] 
[INFO] --- compiler:3.11.0:testCompile (default-testCompile) @ revcart-backend ---
[INFO] Changes detected - recompiling the module! :dependency
[INFO] 
[INFO] <<< spring-boot:3.2.0:run (default-cli) < test-compile @ revcart-backend <<<
[INFO] 
[INFO] 
[INFO] --- spring-boot:3.2.0:run (default-cli) @ revcart-backend ---
[INFO] Attaching agents: []

  .   ____          _            __ _ _
 /\\ / ___'_ __ _ _(_)_ __  __ _ \ \ \ \
( ( )\___ | '_ | '_| | '_ \/ _` | \ \ \ \
 \\/  ___)| |_)| | | | | || (_| |  ) ) ) )
  '  |____| .__|_| |_|_| |_\__, | / / / /
 =========|_|==============|___/=/_/_/_/
 :: Spring Boot ::                (v3.2.0)

2025-12-01T01:09:09.919+05:30  INFO 15144 --- [revcart-backend] [           main] com.revcart.RevCartApplication           : Starting RevCartApplication using Java 25 with PID 15144 (E:\Revcart\Revcart\backend\target\classes started by it in e:\Revcart\Revcart\backend)
2025-12-01T01:09:09.921+05:30 DEBUG 15144 --- [revcart-backend] [           main] com.revcart.RevCartApplication           : Running with Spring Boot v3.2.0, Spring v6.1.1
2025-12-01T01:09:09.921+05:30  INFO 15144 --- [revcart-backend] [           main] com.revcart.RevCartApplication           : No active profile set, falling back to 1 default profile: "default"
2025-12-01T01:09:10.561+05:30  INFO 15144 --- [revcart-backend] [           main] .s.d.r.c.RepositoryConfigurationDelegate : Multiple Spring Data modules found, entering strict repository configuration mode
2025-12-01T01:09:10.562+05:30  INFO 15144 --- [revcart-backend] [           main] .s.d.r.c.RepositoryConfigurationDelegate : Bootstrapping Spring Data JPA repositories in DEFAULT mode.
2025-12-01T01:09:10.649+05:30  INFO 15144 --- [revcart-backend] [           main] .s.d.r.c.RepositoryConfigurationDelegate : Finished Spring Data repository scanning in 75 ms. Found 7 JPA repository interfaces.
2025-12-01T01:09:10.653+05:30  INFO 15144 --- [revcart-backend] [           main] .s.d.r.c.RepositoryConfigurationDelegate : Multiple Spring Data modules found, entering strict repository configuration mode
2025-12-01T01:09:10.653+05:30  INFO 15144 --- [revcart-backend] [           main] .s.d.r.c.RepositoryConfigurationDelegate : Bootstrapping Spring Data MongoDB repositories in DEFAULT mode.
2025-12-01T01:09:10.668+05:30  INFO 15144 --- [revcart-backend] [           main] .s.d.r.c.RepositoryConfigurationDelegate : Finished Spring Data repository scanning in 14 ms. Found 2 MongoDB repository interfaces.
WARNING: A restricted method in java.lang.System has been called
WARNING: java.lang.System::load has been called by org.apache.tomcat.jni.Library in an unnamed module (file:/C:/Users/it/.m2/repository/org/apache/tomcat/embed/tomcat-embed-core/10.1.16/tomcat-embed-core-10.1.16.jar)
WARNING: Use --enable-native-access=ALL-UNNAMED to avoid a warning for callers in this module
WARNING: Restricted methods will be blocked in a future release unless native access is enabled

2025-12-01T01:09:11.600+05:30  INFO 15144 --- [revcart-backend] [           main] o.s.b.w.embedded.tomcat.TomcatWebServer  : Tomcat initialized with port 8080 (http)
2025-12-01T01:09:11.611+05:30  INFO 15144 --- [revcart-backend] [           main] o.apache.catalina.core.StandardService   : Starting service [Tomcat]
2025-12-01T01:09:11.612+05:30  INFO 15144 --- [revcart-backend] [           main] o.apache.catalina.core.StandardEngine    : Starting Servlet engine: [Apache Tomcat/10.1.16]
2025-12-01T01:09:11.673+05:30  INFO 15144 --- [revcart-backend] [           main] o.a.c.c.C.[Tomcat].[localhost].[/api]    : Initializing Spring embedded WebApplicationContext
2025-12-01T01:09:11.673+05:30  INFO 15144 --- [revcart-backend] [           main] w.s.c.ServletWebServerApplicationContext : Root WebApplicationContext: initialization completed in 1703 ms
2025-12-01T01:09:11.762+05:30  INFO 15144 --- [revcart-backend] [           main] com.zaxxer.hikari.HikariDataSource       : HikariPool-1 - Starting...
2025-12-01T01:09:11.965+05:30  INFO 15144 --- [revcart-backend] [           main] com.zaxxer.hikari.pool.HikariPool        : HikariPool-1 - Added connection com.mysql.cj.jdbc.ConnectionImpl@1376883
2025-12-01T01:09:11.966+05:30  INFO 15144 --- [revcart-backend] [           main] com.zaxxer.hikari.HikariDataSource       : HikariPool-1 - Start completed.
2025-12-01T01:09:12.049+05:30  INFO 15144 --- [revcart-backend] [           main] o.hibernate.jpa.internal.util.LogHelper  : HHH000204: Processing PersistenceUnitInfo [name: default]
2025-12-01T01:09:12.097+05:30  INFO 15144 --- [revcart-backend] [           main] org.hibernate.Version                    : HHH000412: Hibernate ORM core version 6.3.1.Final
2025-12-01T01:09:12.136+05:30  INFO 15144 --- [revcart-backend] [           main] o.h.c.internal.RegionFactoryInitiator    : HHH000026: Second-level cache disabled
2025-12-01T01:09:12.381+05:30  INFO 15144 --- [revcart-backend] [           main] o.s.o.j.p.SpringPersistenceUnitInfo      : No LoadTimeWeaver setup: ignoring JPA class transformer
2025-12-01T01:09:12.448+05:30  WARN 15144 --- [revcart-backend] [           main] org.hibernate.orm.deprecation            : HHH90000025: MySQLDialect does not need to be specified explicitly using 'hibernate.dialect' (remove the property setting and it will be selected by default)
2025-12-01T01:09:13.581+05:30  INFO 15144 --- [revcart-backend] [           main] o.h.e.t.j.p.i.JtaPlatformInitiator       : HHH000489: No JTA platform available (set 'hibernate.transaction.jta.platform' to enable JTA platform integration)
2025-12-01T01:09:13.706+05:30  INFO 15144 --- [revcart-backend] [           main] j.LocalContainerEntityManagerFactoryBean : Initialized JPA EntityManagerFactory for persistence unit 'default'
2025-12-01T01:09:13.930+05:30  INFO 15144 --- [revcart-backend] [           main] o.s.d.j.r.query.QueryEnhancerFactory     : Hibernate is in classpath; If applicable, HQL parser will be used.
2025-12-01T01:09:14.330+05:30 DEBUG 15144 --- [revcart-backend] [           main] com.revcart.security.AuthTokenFilter     : Filter 'authenticationJwtTokenFilter' configured for use
2025-12-01T01:09:14.917+05:30  INFO 15144 --- [revcart-backend] [           main] org.mongodb.driver.client                : MongoClient with metadata {"driver": {"name": "mongo-java-driver|sync|spring-data", "version": "4.11.1"}, "os": {"type": "Windows", "name": "Windows 11", "architecture": "amd64", "version": "10.0"}, "platform": "Java/Oracle Corporation/25+37-LTS-3491"} created with settings MongoClientSettings{readPreference=primary, writeConcern=WriteConcern{w=null, wTimeout=null ms, journal=null}, retryWrites=true, retryReads=true, readConcern=ReadConcern{level=null}, credential=null, transportSettings=null, streamFactoryFactory=null, commandListeners=[], codecRegistry=ProvidersCodecRegistry{codecProviders=[ValueCodecProvider{}, BsonValueCodecProvider{}, DBRefCodecProvider{}, DBObjectCodecProvider{}, DocumentCodecProvider{}, CollectionCodecProvider{}, IterableCodecProvider{}, MapCodecProvider{}, GeoJsonCodecProvider{}, GridFSFileCodecProvider{}, Jsr310CodecProvider{}, JsonObjectCodecProvider{}, BsonCodecProvider{}, EnumCodecProvider{}, com.mongodb.client.model.mql.ExpressionCodecProvider@69554e5a, com.mongodb.Jep395RecordCodecProvider@7244d87, com.mongodb.KotlinCodecProvider@210c4071]}, loggerSettings=LoggerSettings{maxDocumentLength=1000}, clusterSettings={hosts=[127.0.0.1:27017], srvServiceName=mongodb, mode=SINGLE, requiredClusterType=UNKNOWN, requiredReplicaSetName='null', serverSelector='null', clusterListeners='[]', serverSelectionTimeout='30000 ms', localThreshold='15 ms'}, socketSettings=SocketSettings{connectTimeoutMS=10000, readTimeoutMS=0, receiveBufferSize=0, proxySettings=ProxySettings{host=null, port=null, username=null, password=null}}, heartbeatSocketSettings=SocketSettings{connectTimeoutMS=10000, readTimeoutMS=10000, receiveBufferSize=0, proxySettings=ProxySettings{host=null, port=null, username=null, password=null}}, connectionPoolSettings=ConnectionPoolSettings{maxSize=100, minSize=0, maxWaitTimeMS=120000, maxConnectionLifeTimeMS=0, maxConnectionIdleTimeMS=0, maintenanceInitialDelayMS=0, maintenanceFrequencyMS=60000, connectionPoolListeners=[], maxConnecting=2}, serverSettings=ServerSettings{heartbeatFrequencyMS=10000, minHeartbeatFrequencyMS=500, serverListeners='[]', serverMonitorListeners='[]'}, sslSettings=SslSettings{enabled=false, invalidHostNameAllowed=false, context=null}, applicationName='null', compressorList=[], uuidRepresentation=JAVA_LEGACY, serverApi=null, autoEncryptionSettings=null, dnsClient=null, inetAddressResolver=null, contextProvider=null}
2025-12-01T01:09:14.932+05:30  INFO 15144 --- [revcart-backend] [127.0.0.1:27017] org.mongodb.driver.cluster               : Monitor thread successfully connected to server with description ServerDescription{address=127.0.0.1:27017, type=STANDALONE, state=CONNECTED, ok=true, minWireVersion=0, maxWireVersion=27, maxDocumentSize=16777216, logicalSessionTimeoutMinutes=30, roundTripTimeNanos=19404100}
2025-12-01T01:09:15.467+05:30 DEBUG 15144 --- [revcart-backend] [           main] s.w.s.m.m.a.RequestMappingHandlerMapping : 30 mappings in 'requestMappingHandlerMapping'
2025-12-01T01:09:15.616+05:30 DEBUG 15144 --- [revcart-backend] [           main] o.s.w.s.handler.SimpleUrlHandlerMapping  : Patterns [/webjars/**, /**] in 'resourceHandlerMapping'
2025-12-01T01:09:15.715+05:30  INFO 15144 --- [revcart-backend] [           main] o.s.s.web.DefaultSecurityFilterChain     : Will secure any request with [org.springframework.security.web.session.DisableEncodeUrlFilter@626e3b18, org.springframework.security.web.context.request.async.WebAsyncManagerIntegrationFilter@a29aced, org.springframework.security.web.context.SecurityContextHolderFilter@db62b5f, org.springframework.security.web.header.HeaderWriterFilter@c04a1ca, org.springframework.web.filter.CorsFilter@113886b1, org.springframework.security.web.authentication.logout.LogoutFilter@3dabf112, org.springframework.security.oauth2.client.web.OAuth2AuthorizationRequestRedirectFilter@3b8adbda, org.springframework.security.oauth2.client.web.OAuth2LoginAuthenticationFilter@120f441c, com.revcart.security.AuthTokenFilter@2f318251, org.springframework.security.web.authentication.ui.DefaultLoginPageGeneratingFilter@38794a3, org.springframework.security.web.authentication.ui.DefaultLogoutPageGeneratingFilter@741d2dda, org.springframework.security.web.savedrequest.RequestCacheAwareFilter@26be5ee, org.springframework.security.web.servletapi.SecurityContextHolderAwareRequestFilter@6845dfcc, org.springframework.security.web.authentication.AnonymousAuthenticationFilter@67387eba, org.springframework.security.web.session.SessionManagementFilter@4cb3e76c, org.springframework.security.web.access.ExceptionTranslationFilter@4f3f8115, org.springframework.security.web.access.intercept.AuthorizationFilter@70bc684b]
2025-12-01T01:09:15.809+05:30 DEBUG 15144 --- [revcart-backend] [           main] s.w.s.m.m.a.RequestMappingHandlerAdapter : ControllerAdvice beans: 0 @ModelAttribute, 0 @InitBinder, 1 RequestBodyAdvice, 1 ResponseBodyAdvice
2025-12-01T01:09:15.842+05:30 DEBUG 15144 --- [revcart-backend] [           main] .m.m.a.ExceptionHandlerExceptionResolver : ControllerAdvice beans: 0 @ExceptionHandler, 1 ResponseBodyAdvice
2025-12-01T01:09:15.963+05:30  INFO 15144 --- [revcart-backend] [           main] o.s.b.w.embedded.tomcat.TomcatWebServer  : Tomcat started on port 8080 (http) with context path '/api'
2025-12-01T01:09:15.968+05:30  INFO 15144 --- [revcart-backend] [           main] com.revcart.RevCartApplication           : Started RevCartApplication in 6.403 seconds (process running for 6.797)
2025-12-01T01:09:16.060+05:30 DEBUG 15144 --- [revcart-backend] [           main] org.hibernate.SQL                        : 
    select
        u1_0.id 
    from
        users u1_0 
    where
        u1_0.email=? 
    limit
        ?
Hibernate: 
    select
        u1_0.id 
    from
        users u1_0 
    where
        u1_0.email=? 
    limit
        ?
2025-12-01T01:09:16.069+05:30 DEBUG 15144 --- [revcart-backend] [           main] org.hibernate.SQL                        : 
    select
        u1_0.id 
    from
        users u1_0 
    where
        u1_0.email=? 
    limit
        ?
Hibernate: 
    select
        u1_0.id 
    from
        users u1_0 
    where
        u1_0.email=? 
    limit
        ?
2025-12-01T01:09:16.071+05:30 DEBUG 15144 --- [revcart-backend] [           main] org.hibernate.SQL                        : 
    select
        u1_0.id 
    from
        users u1_0 
    where
        u1_0.email=? 
    limit
        ?
Hibernate: 
    select
        u1_0.id 
    from
        users u1_0 
    where
        u1_0.email=? 
    limit
        ?
2025-12-01T01:09:16.099+05:30 DEBUG 15144 --- [revcart-backend] [           main] org.hibernate.SQL                        : 
    select
        count(*) 
    from
        products p1_0
Hibernate: 
    select
        count(*) 
    from
        products p1_0
2025-12-01T01:22:10.388+05:30  INFO 15144 --- [revcart-backend] [nio-8080-exec-1] o.a.c.c.C.[Tomcat].[localhost].[/api]    : Initializing Spring DispatcherServlet 'dispatcherServlet'
2025-12-01T01:22:10.390+05:30  INFO 15144 --- [revcart-backend] [nio-8080-exec-1] o.s.web.servlet.DispatcherServlet        : Initializing Servlet 'dispatcherServlet'
2025-12-01T01:22:10.391+05:30 DEBUG 15144 --- [revcart-backend] [nio-8080-exec-1] o.s.web.servlet.DispatcherServlet        : Detected StandardServletMultipartResolver
2025-12-01T01:22:10.391+05:30 DEBUG 15144 --- [revcart-backend] [nio-8080-exec-1] o.s.web.servlet.DispatcherServlet        : Detected AcceptHeaderLocaleResolver
2025-12-01T01:22:10.391+05:30 DEBUG 15144 --- [revcart-backend] [nio-8080-exec-1] o.s.web.servlet.DispatcherServlet        : Detected FixedThemeResolver
2025-12-01T01:22:10.394+05:30 DEBUG 15144 --- [revcart-backend] [nio-8080-exec-1] o.s.web.servlet.DispatcherServlet        : Detected org.springframework.web.servlet.view.DefaultRequestToViewNameTranslator@6d293b41
2025-12-01T01:22:10.394+05:30 DEBUG 15144 --- [revcart-backend] [nio-8080-exec-1] o.s.web.servlet.DispatcherServlet        : Detected org.springframework.web.servlet.support.SessionFlashMapManager@538cf7fd
2025-12-01T01:22:10.396+05:30 DEBUG 15144 --- [revcart-backend] [nio-8080-exec-1] o.s.web.servlet.DispatcherServlet        : enableLoggingRequestDetails='false': request parameters and headers will be masked to prevent unsafe logging of potentially sensitive data
2025-12-01T01:22:10.396+05:30  INFO 15144 --- [revcart-backend] [nio-8080-exec-1] o.s.web.servlet.DispatcherServlet        : Completed initialization in 6 ms
2025-12-01T01:22:10.416+05:30 DEBUG 15144 --- [revcart-backend] [nio-8080-exec-1] o.s.security.web.FilterChainProxy        : Securing GET /products?page=0&size=8&sortBy=id&sortDir=desc
2025-12-01T01:22:10.490+05:30 DEBUG 15144 --- [revcart-backend] [nio-8080-exec-1] o.s.s.w.a.AnonymousAuthenticationFilter  : Set SecurityContextHolder to anonymous SecurityContext
2025-12-01T01:22:10.492+05:30  WARN 15144 --- [revcart-backend] [nio-8080-exec-1] o.s.w.s.h.HandlerMappingIntrospector     : Cache miss for REQUEST dispatch to '/api/products' (previous null). Performing MatchableHandlerMapping lookup. This is logged once only at WARN level, and every time at TRACE.
2025-12-01T01:22:10.508+05:30 DEBUG 15144 --- [revcart-backend] [nio-8080-exec-1] o.s.security.web.FilterChainProxy        : Secured GET /products?page=0&size=8&sortBy=id&sortDir=desc
2025-12-01T01:22:10.515+05:30 DEBUG 15144 --- [revcart-backend] [nio-8080-exec-1] o.s.web.servlet.DispatcherServlet        : GET "/api/products?page=0&size=8&sortBy=id&sortDir=desc", parameters={masked}
2025-12-01T01:22:10.519+05:30 DEBUG 15144 --- [revcart-backend] [nio-8080-exec-1] s.w.s.m.m.a.RequestMappingHandlerMapping : Mapped to com.revcart.controller.ProductController#getAllProducts(int, int, String, String)
2025-12-01T01:22:10.619+05:30 DEBUG 15144 --- [revcart-backend] [nio-8080-exec-1] org.hibernate.SQL                        : 
    select
        p1_0.id,
        p1_0.brand,
        p1_0.category,
        p1_0.created_at,
        p1_0.current_stock,
        p1_0.description,
        p1_0.discount_price,
        p1_0.image_url,
        p1_0.initial_stock,
        p1_0.name,
        p1_0.price,
        p1_0.rating,
        p1_0.stock 
    from
        products p1_0 
    order by
        p1_0.id desc 
    limit
        ?, ?
Hibernate: 
    select
        p1_0.id,
        p1_0.brand,
        p1_0.category,
        p1_0.created_at,
        p1_0.current_stock,
        p1_0.description,
        p1_0.discount_price,
        p1_0.image_url,
        p1_0.initial_stock,
        p1_0.name,
        p1_0.price,
        p1_0.rating,
        p1_0.stock 
    from
        products p1_0 
    order by
        p1_0.id desc 
    limit
        ?, ?
2025-12-01T01:22:10.678+05:30 DEBUG 15144 --- [revcart-backend] [nio-8080-exec-1] org.hibernate.SQL                        : 
    select
        count(p1_0.id) 
    from
        products p1_0
Hibernate: 
    select
        count(p1_0.id) 
    from
        products p1_0
2025-12-01T01:22:10.768+05:30 DEBUG 15144 --- [revcart-backend] [nio-8080-exec-1] o.s.w.s.m.m.a.HttpEntityMethodProcessor  : Using 'application/json', given [application/json, text/plain, */*] and supported [application/json, application/*+json]
2025-12-01T01:22:10.773+05:30 DEBUG 15144 --- [revcart-backend] [nio-8080-exec-1] o.s.w.s.m.m.a.HttpEntityMethodProcessor  : Writing [Page 1 of 15 containing com.revcart.entity.Product instances]
2025-12-01T01:22:10.818+05:30 DEBUG 15144 --- [revcart-backend] [nio-8080-exec-1] o.s.web.servlet.DispatcherServlet        : Completed 200 OK
2025-12-01T01:22:13.548+05:30 DEBUG 15144 --- [revcart-backend] [nio-8080-exec-2] o.s.security.web.FilterChainProxy        : Securing GET /products?page=1&size=8&sortBy=id&sortDir=desc
2025-12-01T01:22:13.549+05:30 DEBUG 15144 --- [revcart-backend] [nio-8080-exec-2] o.s.s.w.a.AnonymousAuthenticationFilter  : Set SecurityContextHolder to anonymous SecurityContext
2025-12-01T01:22:13.551+05:30 DEBUG 15144 --- [revcart-backend] [nio-8080-exec-2] o.s.security.web.FilterChainProxy        : Secured GET /products?page=1&size=8&sortBy=id&sortDir=desc
2025-12-01T01:22:13.552+05:30 DEBUG 15144 --- [revcart-backend] [nio-8080-exec-2] o.s.web.servlet.DispatcherServlet        : GET "/api/products?page=1&size=8&sortBy=id&sortDir=desc", parameters={masked}
2025-12-01T01:22:13.553+05:30 DEBUG 15144 --- [revcart-backend] [nio-8080-exec-2] s.w.s.m.m.a.RequestMappingHandlerMapping : Mapped to com.revcart.controller.ProductController#getAllProducts(int, int, String, String)
2025-12-01T01:22:13.559+05:30 DEBUG 15144 --- [revcart-backend] [nio-8080-exec-2] org.hibernate.SQL                        : 
    select
        p1_0.id,
        p1_0.brand,
        p1_0.category,
        p1_0.created_at,
        p1_0.current_stock,
        p1_0.description,
        p1_0.discount_price,
        p1_0.image_url,
        p1_0.initial_stock,
        p1_0.name,
        p1_0.price,
        p1_0.rating,
        p1_0.stock 
    from
        products p1_0 
    order by
        p1_0.id desc 
    limit
        ?, ?
Hibernate: 
    select
        p1_0.id,
        p1_0.brand,
        p1_0.category,
        p1_0.created_at,
        p1_0.current_stock,
        p1_0.description,
        p1_0.discount_price,
        p1_0.image_url,
        p1_0.initial_stock,
        p1_0.name,
        p1_0.price,
        p1_0.rating,
        p1_0.stock 
    from
        products p1_0 
    order by
        p1_0.id desc 
    limit
        ?, ?
2025-12-01T01:22:13.573+05:30 DEBUG 15144 --- [revcart-backend] [nio-8080-exec-2] org.hibernate.SQL                        : 
    select
        count(p1_0.id) 
    from
        products p1_0
Hibernate: 
    select
        count(p1_0.id) 
    from
        products p1_0
2025-12-01T01:22:13.582+05:30 DEBUG 15144 --- [revcart-backend] [nio-8080-exec-2] o.s.w.s.m.m.a.HttpEntityMethodProcessor  : Using 'application/json', given [application/json, text/plain, */*] and supported [application/json, application/*+json]
2025-12-01T01:22:13.583+05:30 DEBUG 15144 --- [revcart-backend] [nio-8080-exec-2] o.s.w.s.m.m.a.HttpEntityMethodProcessor  : Writing [Page 2 of 15 containing com.revcart.entity.Product instances]
2025-12-01T01:22:13.585+05:30 DEBUG 15144 --- [revcart-backend] [nio-8080-exec-2] o.s.web.servlet.DispatcherServlet        : Completed 200 OK
2025-12-01T01:22:14.347+05:30 DEBUG 15144 --- [revcart-backend] [nio-8080-exec-3] o.s.security.web.FilterChainProxy        : Securing GET /products?page=2&size=8&sortBy=id&sortDir=desc
2025-12-01T01:22:14.349+05:30 DEBUG 15144 --- [revcart-backend] [nio-8080-exec-3] o.s.s.w.a.AnonymousAuthenticationFilter  : Set SecurityContextHolder to anonymous SecurityContext
2025-12-01T01:22:14.350+05:30 DEBUG 15144 --- [revcart-backend] [nio-8080-exec-3] o.s.security.web.FilterChainProxy        : Secured GET /products?page=2&size=8&sortBy=id&sortDir=desc
2025-12-01T01:22:14.350+05:30 DEBUG 15144 --- [revcart-backend] [nio-8080-exec-3] o.s.web.servlet.DispatcherServlet        : GET "/api/products?page=2&size=8&sortBy=id&sortDir=desc", parameters={masked}
2025-12-01T01:22:14.351+05:30 DEBUG 15144 --- [revcart-backend] [nio-8080-exec-3] s.w.s.m.m.a.RequestMappingHandlerMapping : Mapped to com.revcart.controller.ProductController#getAllProducts(int, int, String, String)
2025-12-01T01:22:14.354+05:30 DEBUG 15144 --- [revcart-backend] [nio-8080-exec-3] org.hibernate.SQL                        : 
    select
        p1_0.id,
        p1_0.brand,
        p1_0.category,
        p1_0.created_at,
        p1_0.current_stock,
        p1_0.description,
        p1_0.discount_price,
        p1_0.image_url,
        p1_0.initial_stock,
        p1_0.name,
        p1_0.price,
        p1_0.rating,
        p1_0.stock 
    from
        products p1_0 
    order by
        p1_0.id desc 
    limit
        ?, ?
Hibernate: 
    select
        p1_0.id,
        p1_0.brand,
        p1_0.category,
        p1_0.created_at,
        p1_0.current_stock,
        p1_0.description,
        p1_0.discount_price,
        p1_0.image_url,
        p1_0.initial_stock,
        p1_0.name,
        p1_0.price,
        p1_0.rating,
        p1_0.stock 
    from
        products p1_0 
    order by
        p1_0.id desc 
    limit
        ?, ?
2025-12-01T01:22:14.363+05:30 DEBUG 15144 --- [revcart-backend] [nio-8080-exec-3] org.hibernate.SQL                        : 
    select
        count(p1_0.id) 
    from
        products p1_0
Hibernate: 
    select
        count(p1_0.id) 
    from
        products p1_0
2025-12-01T01:22:14.370+05:30 DEBUG 15144 --- [revcart-backend] [nio-8080-exec-3] o.s.w.s.m.m.a.HttpEntityMethodProcessor  : Using 'application/json', given [application/json, text/plain, */*] and supported [application/json, application/*+json]
2025-12-01T01:22:14.370+05:30 DEBUG 15144 --- [revcart-backend] [nio-8080-exec-3] o.s.w.s.m.m.a.HttpEntityMethodProcessor  : Writing [Page 3 of 15 containing com.revcart.entity.Product instances]
2025-12-01T01:22:14.371+05:30 DEBUG 15144 --- [revcart-backend] [nio-8080-exec-3] o.s.web.servlet.DispatcherServlet        : Completed 200 OK
[INFO] ------------------------------------------------------------------------
[INFO] BUILD FAILURE
[INFO] ------------------------------------------------------------------------
[INFO] Total time:  19:27 min
[INFO] Finished at: 2025-12-01T01:28:31+05:30
[INFO] ------------------------------------------------------------------------
[ERROR] Failed to execute goal org.springframework.boot:spring-boot-maven-plugin:3.2.0:run (default-cli) on project revcart-backend: Process terminated with exit code: 1 -> [Help 1]
[ERROR] 
[ERROR] To see the full stack trace of the errors, re-run Maven with the -e switch.
[ERROR] Re-run Maven using the -X switch to enable full debug logging.
[ERROR] 
[ERROR] For more information about the errors and possible solutions, please read the following articles:
[ERROR] [Help 1] http://cwiki.apache.org/confluence/display/MAVEN/MojoExecutionException
